Determining if the pthread_create exist failed with the following output:
Change Dir: /home/lgw/Documents/project/intensityMapCut/build/CMakeFiles/CMakeTmp

Run Build Command:"/usr/bin/make" "cmTC_a1e6a/fast"
/usr/bin/make -f CMakeFiles/cmTC_a1e6a.dir/build.make CMakeFiles/cmTC_a1e6a.dir/build
make[1]: Entering directory '/home/lgw/Documents/project/intensityMapCut/build/CMakeFiles/CMakeTmp'
Building C object CMakeFiles/cmTC_a1e6a.dir/CheckSymbolExists.c.o
/usr/bin/cc     -o CMakeFiles/cmTC_a1e6a.dir/CheckSymbolExists.c.o   -c /home/lgw/Documents/project/intensityMapCut/build/CMakeFiles/CMakeTmp/CheckSymbolExists.c
Linking C executable cmTC_a1e6a
/usr/bin/cmake -E cmake_link_script CMakeFiles/cmTC_a1e6a.dir/link.txt --verbose=1
/usr/bin/cc       CMakeFiles/cmTC_a1e6a.dir/CheckSymbolExists.c.o  -o cmTC_a1e6a -rdynamic 
CMakeFiles/cmTC_a1e6a.dir/CheckSymbolExists.c.o: In function `main':
CheckSymbolExists.c:(.text+0x16): undefined reference to `pthread_create'
collect2: error: ld returned 1 exit status
CMakeFiles/cmTC_a1e6a.dir/build.make:97: recipe for target 'cmTC_a1e6a' failed
make[1]: *** [cmTC_a1e6a] Error 1
make[1]: Leaving directory '/home/lgw/Documents/project/intensityMapCut/build/CMakeFiles/CMakeTmp'
Makefile:126: recipe for target 'cmTC_a1e6a/fast' failed
make: *** [cmTC_a1e6a/fast] Error 2

File /home/lgw/Documents/project/intensityMapCut/build/CMakeFiles/CMakeTmp/CheckSymbolExists.c:
/* */
#include <pthread.h>

int main(int argc, char** argv)
{
  (void)argv;
#ifndef pthread_create
  return ((int*)(&pthread_create))[argc];
#else
  (void)argc;
  return 0;
#endif
}

Determining if the function pthread_create exists in the pthreads failed with the following output:
Change Dir: /home/lgw/Documents/project/intensityMapCut/build/CMakeFiles/CMakeTmp

Run Build Command:"/usr/bin/make" "cmTC_940ea/fast"
/usr/bin/make -f CMakeFiles/cmTC_940ea.dir/build.make CMakeFiles/cmTC_940ea.dir/build
make[1]: Entering directory '/home/lgw/Documents/project/intensityMapCut/build/CMakeFiles/CMakeTmp'
Building C object CMakeFiles/cmTC_940ea.dir/CheckFunctionExists.c.o
/usr/bin/cc    -DCHECK_FUNCTION_EXISTS=pthread_create   -o CMakeFiles/cmTC_940ea.dir/CheckFunctionExists.c.o   -c /usr/share/cmake-3.5/Modules/CheckFunctionExists.c
Linking C executable cmTC_940ea
/usr/bin/cmake -E cmake_link_script CMakeFiles/cmTC_940ea.dir/link.txt --verbose=1
/usr/bin/cc   -DCHECK_FUNCTION_EXISTS=pthread_create    CMakeFiles/cmTC_940ea.dir/CheckFunctionExists.c.o  -o cmTC_940ea -rdynamic -lpthreads 
/usr/bin/ld: cannot find -lpthreads
collect2: error: ld returned 1 exit status
CMakeFiles/cmTC_940ea.dir/build.make:97: recipe for target 'cmTC_940ea' failed
make[1]: *** [cmTC_940ea] Error 1
make[1]: Leaving directory '/home/lgw/Documents/project/intensityMapCut/build/CMakeFiles/CMakeTmp'
Makefile:126: recipe for target 'cmTC_940ea/fast' failed
make: *** [cmTC_940ea/fast] Error 2


